<?xml version="1.0" encoding="UTF-8"?>
<!-- Generated by org.testng.reporters.JUnitXMLReporter -->
<testsuite ignored="0" hostname="yeshs-MacBook-Air.local" failures="0" tests="3" name="Default test" time="7.311" errors="0" timestamp="2025-08-22T17:28:30 IST">
  <testcase classname="zasyasolutions.SpaCover.SampleAPITest" name="getAllInventoryBySKU" time="2.579"/>
  <testcase classname="zasyasolutions.SpaCover.SampleAPITest" name="getSkuDetailsInOurRecords" time="2.851"/>
  <testcase classname="zasyasolutions.SpaCover.SampleAPITest" name="confirmSkuAddInBooked" time="1.78"/>
</testsuite> <!-- Default test -->
