<?xml version="1.0" encoding="UTF-8"?>
<!-- Generated by org.testng.reporters.JUnitXMLReporter -->
<testsuite ignored="0" hostname="yeshs-Mac-mini.local" failures="0" tests="4" name="Default test" time="4.022" errors="0" timestamp="2025-11-07T16:25:04 IST">
  <testcase classname="zasyasolutions.SpaCover.TestCases.ConfirmOrderWithInBound" name="confirmOrder" time="1.1"/>
  <testcase classname="zasyasolutions.SpaCover.TestCases.ConfirmOrderWithInBound" name="scanIn" time="0.967"/>
  <testcase classname="zasyasolutions.SpaCover.TestCases.ConfirmOrderWithInBound" name="addProNumber" time="0.949"/>
  <testcase classname="zasyasolutions.SpaCover.TestCases.ConfirmOrderWithInBound" name="scanOut" time="0.973"/>
</testsuite> <!-- Default test -->
