<?xml version="1.0" encoding="UTF-8"?>
<!-- Generated by org.testng.reporters.JUnitXMLReporter -->
<testsuite ignored="0" hostname="yeshs-MacBook-Air.local" failures="0" tests="3" name="Test" time="4.385" errors="0" timestamp="2025-08-24T23:10:49 IST">
  <testcase classname="zasyasolutions.SpaCover.SampleAPITest" name="getAllInventoryBySKU" time="1.432"/>
  <testcase classname="zasyasolutions.SpaCover.SampleAPITest" name="getSkuDetailsInOurRecords" time="1.409"/>
  <testcase classname="zasyasolutions.SpaCover.SampleAPITest" name="confirmSkuAddInBooked" time="1.296"/>
</testsuite> <!-- Test -->
