<?xml version="1.0" encoding="UTF-8"?>
<!-- Generated by org.testng.reporters.JUnitXMLReporter -->
<testsuite ignored="4" hostname="yeshs-Mac-mini.local" failures="0" tests="18" name="Test" time="21.07" errors="0" timestamp="2025-11-11T16:29:24 IST">
  <testcase classname="zasyasolutions.SpaCover.TestCases.ConfirmOrderApiWithInventory" name="getAllInventoryBySKU" time="1.206"/>
  <testcase classname="zasyasolutions.SpaCover.TestCases.ConfirmOrderApiWithInventory" name="confirmOrder" time="1.345"/>
  <testcase classname="zasyasolutions.SpaCover.TestCases.ConfirmOrderApiWithInventory" name="orderUpdateChangingTheSku" time="0.923"/>
  <testcase classname="zasyasolutions.SpaCover.TestCases.ConfirmOrderApiWithInventory" name="addProNumber" time="0.963"/>
  <testcase classname="zasyasolutions.SpaCover.TestCases.ConfirmOrderApiWithInventory" name="scanOut" time="0.93"/>
  <testcase classname="zasyasolutions.SpaCover.TestCases.ConfirmOrderApiWithInventory" name="scanOut" time="0.932"/>
  <testcase classname="zasyasolutions.SpaCover.TestCases.ConfirmOrderApiWithInventory" name="scanOut" time="0.892"/>
  <testcase classname="zasyasolutions.SpaCover.TestCases.ConfirmOrderWithInBound" name="confirmOrder" time="0.943"/>
  <testcase classname="zasyasolutions.SpaCover.TestCases.ConfirmOrderWithInBound" name="scanIn" time="0.915"/>
  <testcase classname="zasyasolutions.SpaCover.TestCases.ConfirmOrderWithInBound" name="addProNumber" time="1.011"/>
  <testcase classname="zasyasolutions.SpaCover.TestCases.ConfirmOrderWithInBound" name="scanOut" time="0.946"/>
  <testcase classname="zasyasolutions.SpaCover.TestCases.ConfirmOrderWithInventoryCustomInbound" name="getAllInventoryBySKU" time="0.891"/>
  <testcase classname="zasyasolutions.SpaCover.TestCases.ConfirmOrderWithInventoryCustomInbound" name="confirmOrder" time="0.946"/>
  <testcase classname="zasyasolutions.SpaCover.TestCases.ConfirmOrderWithInventoryCustomInbound" name="scanIn" time="0.913"/>
  <testcase classname="zasyasolutions.SpaCover.TestCases.ConfirmOrderWithInventoryCustomInbound" name="orderUpdateChangingTheSku" time="0.925"/>
  <testcase classname="zasyasolutions.SpaCover.TestCases.ConfirmOrderWithInventoryCustomInbound" name="addProNumber" time="0.961"/>
  <testcase classname="zasyasolutions.SpaCover.TestCases.ConfirmOrderWithInventoryCustomInbound" name="scanOut" time="0.939"/>
  <testcase classname="zasyasolutions.SpaCover.TestCases.ConfirmOrderWithInventoryCustomInbound" name="scanOut" time="0.875"/>
  <testcase classname="zasyasolutions.SpaCover.BaseTest" name="@AfterSuite afterSuite" time="0.0">
    <ignored/>
  </testcase> <!-- @AfterSuite afterSuite -->
  <testcase classname="zasyasolutions.SpaCover.BaseTest" name="@AfterSuite afterSuite" time="0.0">
    <ignored/>
  </testcase> <!-- @AfterSuite afterSuite -->
  <testcase classname="zasyasolutions.SpaCover.BaseTest" name="@BeforeSuite beforeSuite" time="0.0">
    <ignored/>
  </testcase> <!-- @BeforeSuite beforeSuite -->
  <testcase classname="zasyasolutions.SpaCover.BaseTest" name="@BeforeSuite beforeSuite" time="0.0">
    <ignored/>
  </testcase> <!-- @BeforeSuite beforeSuite -->
</testsuite> <!-- Test -->
