<?xml version="1.0" encoding="UTF-8"?>
<testsuite xmlns:xsi="http://www.w3.org/2001/XMLSchema-instance" xsi:noNamespaceSchemaLocation="https://maven.apache.org/surefire/maven-surefire-plugin/xsd/surefire-test-report-3.0.xsd" version="3.0" name="TestSuite" time="6.929" tests="1" errors="0" skipped="0" failures="0">
  <properties>
[...]
</properties>
  <testcase name="reverseSkuBookedQuantity" classname="zasyasolutions.SpaCover.SampleAPITest" time="1.507">
    <system-out><![CDATA[INFO: Performing login with username: developer@secure.com
Login successful. Token: eyJhbGciOi...
PASS: Login successful. Token obtained.
INFO: Starting test: reversing
Status Code: 500
Response Body: 
{
    "statusCode": 500,
    "message": "Order update failed: New quantity must be a valid positive number",
    "timestamp": "2025-08-31T18:43:32.302Z"
}
]]></system-out>
    <system-err><![CDATA[SLF4J(W): No SLF4J providers were found.
SLF4J(W): Defaulting to no-operation (NOP) logger implementation
SLF4J(W): See https://www.slf4j.org/codes.html#noProviders for further details.
]]></system-err>
  </testcase>
</testsuite>