<?xml version="1.0" encoding="UTF-8"?>
<testng-results ignored="0" total="1" passed="1" failed="0" skipped="0">
  <reporter-output>
  </reporter-output>
  <suite started-at="2025-09-01T00:13:30 IST" name="Suite" finished-at="2025-09-01T00:13:32 IST" duration-ms="1559">
    <groups>
    </groups>
    <test started-at="2025-09-01T00:13:30 IST" name="Test" finished-at="2025-09-01T00:13:32 IST" duration-ms="1559">
      <class name="zasyasolutions.SpaCover.SampleAPITest">
        <test-method is-config="true" signature="setUp()[pri:0, instance:zasyasolutions.SpaCover.SampleAPITest@4b8ee4de]" started-at="2025-09-01T00:13:26 IST" name="setUp" finished-at="2025-09-01T00:13:30 IST" duration-ms="4781" status="PASS">
          <reporter-output>
          </reporter-output>
        </test-method> <!-- setUp -->
        <test-method is-config="true" signature="beforeMethod(java.lang.reflect.Method)[pri:0, instance:zasyasolutions.SpaCover.SampleAPITest@4b8ee4de]" started-at="2025-09-01T00:13:30 IST" name="beforeMethod" finished-at="2025-09-01T00:13:30 IST" duration-ms="4" status="PASS">
          <params>
            <param index="0">
              <value>
                <![CDATA[public void zasyasolutions.SpaCover.SampleAPITest.reverseSkuBookedQuantity()]]>
              </value>
            </param>
          </params>
          <reporter-output>
          </reporter-output>
        </test-method> <!-- beforeMethod -->
        <test-method signature="reverseSkuBookedQuantity()[pri:4, instance:zasyasolutions.SpaCover.SampleAPITest@4b8ee4de]" started-at="2025-09-01T00:13:30 IST" name="reverseSkuBookedQuantity" description="Create user using AuthManager" finished-at="2025-09-01T00:13:32 IST" duration-ms="1497" status="PASS">
          <reporter-output>
          </reporter-output>
        </test-method> <!-- reverseSkuBookedQuantity -->
      </class> <!-- zasyasolutions.SpaCover.SampleAPITest -->
    </test> <!-- Test -->
  </suite> <!-- Suite -->
</testng-results>
