<?xml version="1.0" encoding="UTF-8"?>
<testng-results ignored="0" total="18" passed="18" failed="0" skipped="0">
  <reporter-output>
  </reporter-output>
  <suite started-at="2025-11-11T12:31:33 IST" name="Suite" finished-at="2025-11-11T12:31:50 IST" duration-ms="17397">
    <groups>
    </groups>
    <test started-at="2025-11-11T12:31:33 IST" name="Test" finished-at="2025-11-11T12:31:50 IST" duration-ms="17397">
      <class name="zasyasolutions.SpaCover.TestCases.ConfirmOrderApiWithInventory">
        <test-method is-config="true" signature="setUp()[pri:0, instance:zasyasolutions.SpaCover.TestCases.ConfirmOrderApiWithInventory@7334aada]" started-at="2025-11-11T12:31:31 IST" name="setUp" finished-at="2025-11-11T12:31:33 IST" duration-ms="1795" status="PASS">
          <reporter-output>
          </reporter-output>
        </test-method> <!-- setUp -->
        <test-method is-config="true" signature="beforeMethod(java.lang.reflect.Method)[pri:0, instance:zasyasolutions.SpaCover.TestCases.ConfirmOrderApiWithInventory@7334aada]" started-at="2025-11-11T12:31:33 IST" name="beforeMethod" finished-at="2025-11-11T12:31:33 IST" duration-ms="1" status="PASS">
          <params>
            <param index="0">
              <value>
                <![CDATA[public void zasyasolutions.SpaCover.TestCases.ConfirmOrderApiWithInventory.getAllInventoryBySKU(java.lang.String)]]>
              </value>
            </param>
          </params>
          <reporter-output>
          </reporter-output>
        </test-method> <!-- beforeMethod -->
        <test-method signature="getAllInventoryBySKU(java.lang.String)[pri:1, instance:zasyasolutions.SpaCover.TestCases.ConfirmOrderApiWithInventory@7334aada]" started-at="2025-11-11T12:31:33 IST" name="getAllInventoryBySKU" description="Get sku detail" data-provider="sku" finished-at="2025-11-11T12:31:34 IST" duration-ms="962" status="PASS">
          <params>
            <param index="0">
              <value>
                <![CDATA[N4N4-87-M1-3132]]>
              </value>
            </param>
          </params>
          <reporter-output>
          </reporter-output>
        </test-method> <!-- getAllInventoryBySKU -->
        <test-method signature="confirmOrder()[pri:2, instance:zasyasolutions.SpaCover.TestCases.ConfirmOrderApiWithInventory@7334aada]" started-at="2025-11-11T12:31:34 IST" name="confirmOrder" description="Confirm order with inventtory " finished-at="2025-11-11T12:31:35 IST" duration-ms="1101" status="PASS">
          <reporter-output>
          </reporter-output>
        </test-method> <!-- confirmOrder -->
        <test-method is-config="true" signature="beforeMethod(java.lang.reflect.Method)[pri:0, instance:zasyasolutions.SpaCover.TestCases.ConfirmOrderApiWithInventory@7334aada]" started-at="2025-11-11T12:31:34 IST" name="beforeMethod" finished-at="2025-11-11T12:31:34 IST" duration-ms="0" status="PASS">
          <params>
            <param index="0">
              <value>
                <![CDATA[public void zasyasolutions.SpaCover.TestCases.ConfirmOrderApiWithInventory.confirmOrder()]]>
              </value>
            </param>
          </params>
          <reporter-output>
          </reporter-output>
        </test-method> <!-- beforeMethod -->
        <test-method is-config="true" signature="beforeMethod(java.lang.reflect.Method)[pri:0, instance:zasyasolutions.SpaCover.TestCases.ConfirmOrderApiWithInventory@7334aada]" started-at="2025-11-11T12:31:35 IST" name="beforeMethod" finished-at="2025-11-11T12:31:35 IST" duration-ms="1" status="PASS">
          <params>
            <param index="0">
              <value>
                <![CDATA[public void zasyasolutions.SpaCover.TestCases.ConfirmOrderApiWithInventory.orderUpdateChangingTheSku()]]>
              </value>
            </param>
          </params>
          <reporter-output>
          </reporter-output>
        </test-method> <!-- beforeMethod -->
        <test-method signature="orderUpdateChangingTheSku()[pri:3, instance:zasyasolutions.SpaCover.TestCases.ConfirmOrderApiWithInventory@7334aada]" started-at="2025-11-11T12:31:35 IST" name="orderUpdateChangingTheSku" description="Order Update changing the order line item sku" finished-at="2025-11-11T12:31:36 IST" duration-ms="970" status="PASS">
          <reporter-output>
          </reporter-output>
        </test-method> <!-- orderUpdateChangingTheSku -->
        <test-method is-config="true" signature="beforeMethod(java.lang.reflect.Method)[pri:0, instance:zasyasolutions.SpaCover.TestCases.ConfirmOrderApiWithInventory@7334aada]" started-at="2025-11-11T12:31:36 IST" name="beforeMethod" finished-at="2025-11-11T12:31:36 IST" duration-ms="2" status="PASS">
          <params>
            <param index="0">
              <value>
                <![CDATA[public void zasyasolutions.SpaCover.TestCases.ConfirmOrderApiWithInventory.addProNumber()]]>
              </value>
            </param>
          </params>
          <reporter-output>
          </reporter-output>
        </test-method> <!-- beforeMethod -->
        <test-method signature="addProNumber()[pri:4, instance:zasyasolutions.SpaCover.TestCases.ConfirmOrderApiWithInventory@7334aada]" started-at="2025-11-11T12:31:36 IST" name="addProNumber" description="Assigning pro number to order" finished-at="2025-11-11T12:31:37 IST" duration-ms="977" status="PASS">
          <reporter-output>
          </reporter-output>
        </test-method> <!-- addProNumber -->
        <test-method is-config="true" signature="beforeMethod(java.lang.reflect.Method)[pri:0, instance:zasyasolutions.SpaCover.TestCases.ConfirmOrderApiWithInventory@7334aada]" started-at="2025-11-11T12:31:37 IST" name="beforeMethod" finished-at="2025-11-11T12:31:37 IST" duration-ms="0" status="PASS">
          <params>
            <param index="0">
              <value>
                <![CDATA[public void zasyasolutions.SpaCover.TestCases.ConfirmOrderApiWithInventory.scanOut(java.lang.String,java.lang.String)]]>
              </value>
            </param>
          </params>
          <reporter-output>
          </reporter-output>
        </test-method> <!-- beforeMethod -->
        <test-method signature="scanOut(java.lang.String,java.lang.String)[pri:5, instance:zasyasolutions.SpaCover.TestCases.ConfirmOrderApiWithInventory@7334aada]" started-at="2025-11-11T12:31:37 IST" name="scanOut" description="Assigning pro number to inventory" data-provider="proData" finished-at="2025-11-11T12:31:37 IST" duration-ms="913" status="PASS">
          <params>
            <param index="0">
              <value>
                <![CDATA[1a120f46-b08d-496f-8b92-6c98937c69a2]]>
              </value>
            </param>
            <param index="1">
              <value>
                <![CDATA[1]]>
              </value>
            </param>
          </params>
          <reporter-output>
          </reporter-output>
        </test-method> <!-- scanOut -->
        <test-method is-config="true" signature="beforeMethod(java.lang.reflect.Method)[pri:0, instance:zasyasolutions.SpaCover.TestCases.ConfirmOrderApiWithInventory@7334aada]" started-at="2025-11-11T12:31:37 IST" name="beforeMethod" finished-at="2025-11-11T12:31:37 IST" duration-ms="1" status="PASS">
          <params>
            <param index="0">
              <value>
                <![CDATA[public void zasyasolutions.SpaCover.TestCases.ConfirmOrderApiWithInventory.scanOut(java.lang.String,java.lang.String)]]>
              </value>
            </param>
          </params>
          <reporter-output>
          </reporter-output>
        </test-method> <!-- beforeMethod -->
        <test-method signature="scanOut(java.lang.String,java.lang.String)[pri:5, instance:zasyasolutions.SpaCover.TestCases.ConfirmOrderApiWithInventory@7334aada]" started-at="2025-11-11T12:31:37 IST" name="scanOut" description="Assigning pro number to inventory" data-provider="proData" finished-at="2025-11-11T12:31:38 IST" duration-ms="895" status="PASS">
          <params>
            <param index="0">
              <value>
                <![CDATA[6d6321a0-dc63-47a9-b250-b7a15a0dd844]]>
              </value>
            </param>
            <param index="1">
              <value>
                <![CDATA[1]]>
              </value>
            </param>
          </params>
          <reporter-output>
          </reporter-output>
        </test-method> <!-- scanOut -->
        <test-method is-config="true" signature="beforeMethod(java.lang.reflect.Method)[pri:0, instance:zasyasolutions.SpaCover.TestCases.ConfirmOrderApiWithInventory@7334aada]" started-at="2025-11-11T12:31:38 IST" name="beforeMethod" finished-at="2025-11-11T12:31:38 IST" duration-ms="1" status="PASS">
          <params>
            <param index="0">
              <value>
                <![CDATA[public void zasyasolutions.SpaCover.TestCases.ConfirmOrderApiWithInventory.scanOut(java.lang.String,java.lang.String)]]>
              </value>
            </param>
          </params>
          <reporter-output>
          </reporter-output>
        </test-method> <!-- beforeMethod -->
        <test-method signature="scanOut(java.lang.String,java.lang.String)[pri:5, instance:zasyasolutions.SpaCover.TestCases.ConfirmOrderApiWithInventory@7334aada]" started-at="2025-11-11T12:31:38 IST" name="scanOut" description="Assigning pro number to inventory" data-provider="proData" finished-at="2025-11-11T12:31:39 IST" duration-ms="939" status="PASS">
          <params>
            <param index="0">
              <value>
                <![CDATA[6d6321a0-dc63-47a9-b250-b7a15a0dd844]]>
              </value>
            </param>
            <param index="1">
              <value>
                <![CDATA[1]]>
              </value>
            </param>
          </params>
          <reporter-output>
          </reporter-output>
        </test-method> <!-- scanOut -->
      </class> <!-- zasyasolutions.SpaCover.TestCases.ConfirmOrderApiWithInventory -->
      <class name="zasyasolutions.SpaCover.TestCases.ConfirmOrderWithInventoryCustomInbound">
        <test-method is-config="true" signature="beforeMethod(java.lang.reflect.Method)[pri:0, instance:zasyasolutions.SpaCover.TestCases.ConfirmOrderWithInventoryCustomInbound@62150f9e]" started-at="2025-11-11T12:31:43 IST" name="beforeMethod" finished-at="2025-11-11T12:31:43 IST" duration-ms="2" status="PASS">
          <params>
            <param index="0">
              <value>
                <![CDATA[public void zasyasolutions.SpaCover.TestCases.ConfirmOrderWithInventoryCustomInbound.getAllInventoryBySKU(java.lang.String)]]>
              </value>
            </param>
          </params>
          <reporter-output>
          </reporter-output>
        </test-method> <!-- beforeMethod -->
        <test-method signature="getAllInventoryBySKU(java.lang.String)[pri:1, instance:zasyasolutions.SpaCover.TestCases.ConfirmOrderWithInventoryCustomInbound@62150f9e]" started-at="2025-11-11T12:31:43 IST" name="getAllInventoryBySKU" description="Get sku detail" data-provider="skuInventoryInboundCustom" finished-at="2025-11-11T12:31:44 IST" duration-ms="948" status="PASS">
          <params>
            <param index="0">
              <value>
                <![CDATA[E4E4-117-M1-1244]]>
              </value>
            </param>
          </params>
          <reporter-output>
          </reporter-output>
        </test-method> <!-- getAllInventoryBySKU -->
        <test-method is-config="true" signature="beforeMethod(java.lang.reflect.Method)[pri:0, instance:zasyasolutions.SpaCover.TestCases.ConfirmOrderWithInventoryCustomInbound@62150f9e]" started-at="2025-11-11T12:31:44 IST" name="beforeMethod" finished-at="2025-11-11T12:31:44 IST" duration-ms="1" status="PASS">
          <params>
            <param index="0">
              <value>
                <![CDATA[public void zasyasolutions.SpaCover.TestCases.ConfirmOrderWithInventoryCustomInbound.confirmOrder()]]>
              </value>
            </param>
          </params>
          <reporter-output>
          </reporter-output>
        </test-method> <!-- beforeMethod -->
        <test-method signature="confirmOrder()[pri:2, instance:zasyasolutions.SpaCover.TestCases.ConfirmOrderWithInventoryCustomInbound@62150f9e]" started-at="2025-11-11T12:31:44 IST" name="confirmOrder" description="Confirm order with inventtory " finished-at="2025-11-11T12:31:45 IST" duration-ms="1061" status="PASS">
          <reporter-output>
          </reporter-output>
        </test-method> <!-- confirmOrder -->
        <test-method is-config="true" signature="beforeMethod(java.lang.reflect.Method)[pri:0, instance:zasyasolutions.SpaCover.TestCases.ConfirmOrderWithInventoryCustomInbound@62150f9e]" started-at="2025-11-11T12:31:45 IST" name="beforeMethod" finished-at="2025-11-11T12:31:45 IST" duration-ms="1" status="PASS">
          <params>
            <param index="0">
              <value>
                <![CDATA[public void zasyasolutions.SpaCover.TestCases.ConfirmOrderWithInventoryCustomInbound.scanIn()]]>
              </value>
            </param>
          </params>
          <reporter-output>
          </reporter-output>
        </test-method> <!-- beforeMethod -->
        <test-method signature="scanIn()[pri:3, instance:zasyasolutions.SpaCover.TestCases.ConfirmOrderWithInventoryCustomInbound@62150f9e]" started-at="2025-11-11T12:31:45 IST" name="scanIn" description="Scan in the sku from inbound" finished-at="2025-11-11T12:31:46 IST" duration-ms="933" status="PASS">
          <reporter-output>
          </reporter-output>
        </test-method> <!-- scanIn -->
        <test-method is-config="true" signature="beforeMethod(java.lang.reflect.Method)[pri:0, instance:zasyasolutions.SpaCover.TestCases.ConfirmOrderWithInventoryCustomInbound@62150f9e]" started-at="2025-11-11T12:31:46 IST" name="beforeMethod" finished-at="2025-11-11T12:31:46 IST" duration-ms="1" status="PASS">
          <params>
            <param index="0">
              <value>
                <![CDATA[public void zasyasolutions.SpaCover.TestCases.ConfirmOrderWithInventoryCustomInbound.orderUpdateChangingTheSku()]]>
              </value>
            </param>
          </params>
          <reporter-output>
          </reporter-output>
        </test-method> <!-- beforeMethod -->
        <test-method signature="orderUpdateChangingTheSku()[pri:4, instance:zasyasolutions.SpaCover.TestCases.ConfirmOrderWithInventoryCustomInbound@62150f9e]" started-at="2025-11-11T12:31:46 IST" name="orderUpdateChangingTheSku" description="Order Update changing the order line item sku" finished-at="2025-11-11T12:31:47 IST" duration-ms="1042" status="PASS">
          <reporter-output>
          </reporter-output>
        </test-method> <!-- orderUpdateChangingTheSku -->
        <test-method is-config="true" signature="beforeMethod(java.lang.reflect.Method)[pri:0, instance:zasyasolutions.SpaCover.TestCases.ConfirmOrderWithInventoryCustomInbound@62150f9e]" started-at="2025-11-11T12:31:47 IST" name="beforeMethod" finished-at="2025-11-11T12:31:47 IST" duration-ms="1" status="PASS">
          <params>
            <param index="0">
              <value>
                <![CDATA[public void zasyasolutions.SpaCover.TestCases.ConfirmOrderWithInventoryCustomInbound.addProNumber()]]>
              </value>
            </param>
          </params>
          <reporter-output>
          </reporter-output>
        </test-method> <!-- beforeMethod -->
        <test-method signature="addProNumber()[pri:5, instance:zasyasolutions.SpaCover.TestCases.ConfirmOrderWithInventoryCustomInbound@62150f9e]" started-at="2025-11-11T12:31:47 IST" name="addProNumber" description="Assigning pro number to order" finished-at="2025-11-11T12:31:48 IST" duration-ms="969" status="PASS">
          <reporter-output>
          </reporter-output>
        </test-method> <!-- addProNumber -->
        <test-method is-config="true" signature="beforeMethod(java.lang.reflect.Method)[pri:0, instance:zasyasolutions.SpaCover.TestCases.ConfirmOrderWithInventoryCustomInbound@62150f9e]" started-at="2025-11-11T12:31:48 IST" name="beforeMethod" finished-at="2025-11-11T12:31:48 IST" duration-ms="1" status="PASS">
          <params>
            <param index="0">
              <value>
                <![CDATA[public void zasyasolutions.SpaCover.TestCases.ConfirmOrderWithInventoryCustomInbound.scanOut(java.lang.String,java.lang.String)]]>
              </value>
            </param>
          </params>
          <reporter-output>
          </reporter-output>
        </test-method> <!-- beforeMethod -->
        <test-method signature="scanOut(java.lang.String,java.lang.String)[pri:6, instance:zasyasolutions.SpaCover.TestCases.ConfirmOrderWithInventoryCustomInbound@62150f9e]" started-at="2025-11-11T12:31:48 IST" name="scanOut" description="Assigning pro number to inventory" data-provider="proDataForInboundInventoryCustom" finished-at="2025-11-11T12:31:49 IST" duration-ms="949" status="PASS">
          <params>
            <param index="0">
              <value>
                <![CDATA[1a120f46-b08d-496f-8b92-6c98937c69a2]]>
              </value>
            </param>
            <param index="1">
              <value>
                <![CDATA[1]]>
              </value>
            </param>
          </params>
          <reporter-output>
          </reporter-output>
        </test-method> <!-- scanOut -->
        <test-method is-config="true" signature="beforeMethod(java.lang.reflect.Method)[pri:0, instance:zasyasolutions.SpaCover.TestCases.ConfirmOrderWithInventoryCustomInbound@62150f9e]" started-at="2025-11-11T12:31:49 IST" name="beforeMethod" finished-at="2025-11-11T12:31:49 IST" duration-ms="2" status="PASS">
          <params>
            <param index="0">
              <value>
                <![CDATA[public void zasyasolutions.SpaCover.TestCases.ConfirmOrderWithInventoryCustomInbound.scanOut(java.lang.String,java.lang.String)]]>
              </value>
            </param>
          </params>
          <reporter-output>
          </reporter-output>
        </test-method> <!-- beforeMethod -->
        <test-method signature="scanOut(java.lang.String,java.lang.String)[pri:6, instance:zasyasolutions.SpaCover.TestCases.ConfirmOrderWithInventoryCustomInbound@62150f9e]" started-at="2025-11-11T12:31:49 IST" name="scanOut" description="Assigning pro number to inventory" data-provider="proDataForInboundInventoryCustom" finished-at="2025-11-11T12:31:50 IST" duration-ms="898" status="PASS">
          <params>
            <param index="0">
              <value>
                <![CDATA[1c6411ac-13a2-48ea-b34f-ef5d1a749f47]]>
              </value>
            </param>
            <param index="1">
              <value>
                <![CDATA[1]]>
              </value>
            </param>
          </params>
          <reporter-output>
          </reporter-output>
        </test-method> <!-- scanOut -->
      </class> <!-- zasyasolutions.SpaCover.TestCases.ConfirmOrderWithInventoryCustomInbound -->
      <class name="zasyasolutions.SpaCover.TestCases.ConfirmOrderWithInBound">
        <test-method is-config="true" signature="beforeMethod(java.lang.reflect.Method)[pri:0, instance:zasyasolutions.SpaCover.TestCases.ConfirmOrderWithInBound@6c80d78a]" started-at="2025-11-11T12:31:39 IST" name="beforeMethod" finished-at="2025-11-11T12:31:39 IST" duration-ms="5" status="PASS">
          <params>
            <param index="0">
              <value>
                <![CDATA[public void zasyasolutions.SpaCover.TestCases.ConfirmOrderWithInBound.confirmOrder()]]>
              </value>
            </param>
          </params>
          <reporter-output>
          </reporter-output>
        </test-method> <!-- beforeMethod -->
        <test-method signature="confirmOrder()[pri:1, instance:zasyasolutions.SpaCover.TestCases.ConfirmOrderWithInBound@6c80d78a]" started-at="2025-11-11T12:31:39 IST" name="confirmOrder" description="Confirm order with inventtory " finished-at="2025-11-11T12:31:40 IST" duration-ms="962" status="PASS">
          <reporter-output>
          </reporter-output>
        </test-method> <!-- confirmOrder -->
        <test-method signature="scanIn()[pri:2, instance:zasyasolutions.SpaCover.TestCases.ConfirmOrderWithInBound@6c80d78a]" started-at="2025-11-11T12:31:40 IST" name="scanIn" description="Scan in the sku from inbound" finished-at="2025-11-11T12:31:41 IST" duration-ms="933" status="PASS">
          <reporter-output>
          </reporter-output>
        </test-method> <!-- scanIn -->
        <test-method is-config="true" signature="beforeMethod(java.lang.reflect.Method)[pri:0, instance:zasyasolutions.SpaCover.TestCases.ConfirmOrderWithInBound@6c80d78a]" started-at="2025-11-11T12:31:40 IST" name="beforeMethod" finished-at="2025-11-11T12:31:40 IST" duration-ms="0" status="PASS">
          <params>
            <param index="0">
              <value>
                <![CDATA[public void zasyasolutions.SpaCover.TestCases.ConfirmOrderWithInBound.scanIn()]]>
              </value>
            </param>
          </params>
          <reporter-output>
          </reporter-output>
        </test-method> <!-- beforeMethod -->
        <test-method is-config="true" signature="beforeMethod(java.lang.reflect.Method)[pri:0, instance:zasyasolutions.SpaCover.TestCases.ConfirmOrderWithInBound@6c80d78a]" started-at="2025-11-11T12:31:41 IST" name="beforeMethod" finished-at="2025-11-11T12:31:41 IST" duration-ms="1" status="PASS">
          <params>
            <param index="0">
              <value>
                <![CDATA[public void zasyasolutions.SpaCover.TestCases.ConfirmOrderWithInBound.addProNumber()]]>
              </value>
            </param>
          </params>
          <reporter-output>
          </reporter-output>
        </test-method> <!-- beforeMethod -->
        <test-method signature="addProNumber()[pri:3, instance:zasyasolutions.SpaCover.TestCases.ConfirmOrderWithInBound@6c80d78a]" started-at="2025-11-11T12:31:41 IST" name="addProNumber" description="Assigning pro number to order" finished-at="2025-11-11T12:31:42 IST" duration-ms="942" status="PASS">
          <reporter-output>
          </reporter-output>
        </test-method> <!-- addProNumber -->
        <test-method signature="scanOut(java.lang.String,java.lang.String)[pri:4, instance:zasyasolutions.SpaCover.TestCases.ConfirmOrderWithInBound@6c80d78a]" started-at="2025-11-11T12:31:42 IST" name="scanOut" description="scan out" data-provider="proDataForInbound" finished-at="2025-11-11T12:31:43 IST" duration-ms="933" status="PASS">
          <params>
            <param index="0">
              <value>
                <![CDATA[1c6411ac-13a2-48ea-b34f-ef5d1a749f47]]>
              </value>
            </param>
            <param index="1">
              <value>
                <![CDATA[1]]>
              </value>
            </param>
          </params>
          <reporter-output>
          </reporter-output>
        </test-method> <!-- scanOut -->
        <test-method is-config="true" signature="beforeMethod(java.lang.reflect.Method)[pri:0, instance:zasyasolutions.SpaCover.TestCases.ConfirmOrderWithInBound@6c80d78a]" started-at="2025-11-11T12:31:42 IST" name="beforeMethod" finished-at="2025-11-11T12:31:42 IST" duration-ms="0" status="PASS">
          <params>
            <param index="0">
              <value>
                <![CDATA[public void zasyasolutions.SpaCover.TestCases.ConfirmOrderWithInBound.scanOut(java.lang.String,java.lang.String)]]>
              </value>
            </param>
          </params>
          <reporter-output>
          </reporter-output>
        </test-method> <!-- beforeMethod -->
      </class> <!-- zasyasolutions.SpaCover.TestCases.ConfirmOrderWithInBound -->
    </test> <!-- Test -->
  </suite> <!-- Suite -->
</testng-results>
