<?xml version="1.0" encoding="UTF-8"?>
<!-- Generated by org.testng.reporters.JUnitReportReporter -->
<testsuite hostname="yeshs-Mac-mini.local" failures="0" tests="4" name="zasyasolutions.SpaCover.TestCases.ConfirmOrderWithInBound" time="3.776" errors="0" timestamp="2025-11-11T12:31:50 IST" skipped="0">
  <testcase classname="zasyasolutions.SpaCover.TestCases.ConfirmOrderWithInBound" name="confirmOrder" time="0.962"/>
  <testcase classname="zasyasolutions.SpaCover.TestCases.ConfirmOrderWithInBound" name="scanIn" time="0.933"/>
  <testcase classname="zasyasolutions.SpaCover.TestCases.ConfirmOrderWithInBound" name="addProNumber" time="0.943"/>
  <testcase classname="zasyasolutions.SpaCover.TestCases.ConfirmOrderWithInBound" name="scanOut" time="0.938"/>
</testsuite> <!-- zasyasolutions.SpaCover.TestCases.ConfirmOrderWithInBound -->
