<?xml version="1.0" encoding="UTF-8"?>
<!-- Generated by org.testng.reporters.JUnitReportReporter -->
<testsuite hostname="yeshs-Mac-mini.local" failures="0" tests="1" name="zasyasolutions.SpaCover.TestCases.ConfirmOrderApiWithInbound" time="1.064" errors="0" timestamp="2025-11-03T16:45:32 IST" skipped="0">
  <testcase classname="zasyasolutions.SpaCover.TestCases.ConfirmOrderApiWithInbound" name="orderUpdateChangingTheSku" time="1.064"/>
</testsuite> <!-- zasyasolutions.SpaCover.TestCases.ConfirmOrderApiWithInbound -->
