<?xml version="1.0" encoding="UTF-8"?>
<!-- Generated by org.testng.reporters.JUnitReportReporter -->
<testsuite hostname="yeshs-Mac-mini.local" failures="0" tests="7" name="zasyasolutions.SpaCover.TestCases.ConfirmOrderApiWithInventory" time="8.862" errors="0" timestamp="2026-01-03T15:38:29 IST" skipped="0">
  <testcase classname="zasyasolutions.SpaCover.TestCases.ConfirmOrderApiWithInventory" name="getAllInventoryBySKU" time="1.726"/>
  <testcase classname="zasyasolutions.SpaCover.TestCases.ConfirmOrderApiWithInventory" name="confirmOrderAllLineItmesArefromInventory" time="1.528"/>
  <testcase classname="zasyasolutions.SpaCover.TestCases.ConfirmOrderApiWithInventory" name="orderUpdateChangingOneLineItemUpdatingTheSku" time="1.012"/>
  <testcase classname="zasyasolutions.SpaCover.TestCases.ConfirmOrderApiWithInventory" name="addProNumberToOrderThatHavingLineItemsFromInvetory" time="1.206"/>
  <testcase classname="zasyasolutions.SpaCover.TestCases.ConfirmOrderApiWithInventory" name="scanOutTheorderThatHavingAllLineItemsFromInventory" time="1.066"/>
  <testcase classname="zasyasolutions.SpaCover.TestCases.ConfirmOrderApiWithInventory" name="scanOutTheorderThatHavingAllLineItemsFromInventory" time="1.218"/>
  <testcase classname="zasyasolutions.SpaCover.TestCases.ConfirmOrderApiWithInventory" name="scanOutTheorderThatHavingAllLineItemsFromInventory" time="1.106"/>
</testsuite> <!-- zasyasolutions.SpaCover.TestCases.ConfirmOrderApiWithInventory -->
