<?xml version="1.0" encoding="UTF-8"?>
<!-- Generated by org.testng.reporters.JUnitReportReporter -->
<testsuite hostname="yeshs-Mac-mini.local" failures="0" tests="4" name="zasyasolutions.SpaCover.TestCases.ConfirmOrderWithInBound" time="4.953" errors="0" timestamp="2026-01-03T15:38:29 IST" skipped="0">
  <testcase classname="zasyasolutions.SpaCover.TestCases.ConfirmOrderWithInBound" name="confirmOrderFromInbound" time="1.118"/>
  <testcase classname="zasyasolutions.SpaCover.TestCases.ConfirmOrderWithInBound" name="scanInTheSku" time="1.189"/>
  <testcase classname="zasyasolutions.SpaCover.TestCases.ConfirmOrderWithInBound" name="addProNumberToInboundLineItem" time="1.230"/>
  <testcase classname="zasyasolutions.SpaCover.TestCases.ConfirmOrderWithInBound" name="scanOutTheOrderHavingLineItemFromInbound" time="1.416"/>
</testsuite> <!-- zasyasolutions.SpaCover.TestCases.ConfirmOrderWithInBound -->
