<?xml version="1.0" encoding="UTF-8"?>
<!-- Generated by org.testng.reporters.JUnitReportReporter -->
<testsuite hostname="yeshs-Mac-mini.local" failures="0" tests="7" name="zasyasolutions.SpaCover.TestCases.ConfirmOrderWithInventoryCustomInbound" time="7.803" errors="0" timestamp="2026-01-03T15:38:29 IST" skipped="0">
  <testcase classname="zasyasolutions.SpaCover.TestCases.ConfirmOrderWithInventoryCustomInbound" name="getAllInventoryBySKU" time="1.151"/>
  <testcase classname="zasyasolutions.SpaCover.TestCases.ConfirmOrderWithInventoryCustomInbound" name="confirmOrderThatHavingLineItemFromInventoryInboundCustom" time="1.228"/>
  <testcase classname="zasyasolutions.SpaCover.TestCases.ConfirmOrderWithInventoryCustomInbound" name="scanIn" time="1.087"/>
  <testcase classname="zasyasolutions.SpaCover.TestCases.ConfirmOrderWithInventoryCustomInbound" name="orderUpdateChangingTheSku" time="1.048"/>
  <testcase classname="zasyasolutions.SpaCover.TestCases.ConfirmOrderWithInventoryCustomInbound" name="addProNumberToTheOrderHavingLineItemsFromInventortInboundCustom" time="1.159"/>
  <testcase classname="zasyasolutions.SpaCover.TestCases.ConfirmOrderWithInventoryCustomInbound" name="scanOut" time="1.081"/>
  <testcase classname="zasyasolutions.SpaCover.TestCases.ConfirmOrderWithInventoryCustomInbound" name="scanOut" time="1.049"/>
</testsuite> <!-- zasyasolutions.SpaCover.TestCases.ConfirmOrderWithInventoryCustomInbound -->
