<?xml version="1.0" encoding="UTF-8"?>
<!-- Generated by org.testng.reporters.JUnitReportReporter -->
<testsuite hostname="yeshs-Mac-mini.local" failures="0" tests="7" name="zasyasolutions.SpaCover.TestCases.ConfirmOrderApiWithInventory" time="6.763" errors="0" timestamp="2025-11-11T12:31:50 IST" skipped="0">
  <testcase classname="zasyasolutions.SpaCover.TestCases.ConfirmOrderApiWithInventory" name="getAllInventoryBySKU" time="0.963"/>
  <testcase classname="zasyasolutions.SpaCover.TestCases.ConfirmOrderApiWithInventory" name="confirmOrder" time="1.102"/>
  <testcase classname="zasyasolutions.SpaCover.TestCases.ConfirmOrderApiWithInventory" name="orderUpdateChangingTheSku" time="0.970"/>
  <testcase classname="zasyasolutions.SpaCover.TestCases.ConfirmOrderApiWithInventory" name="addProNumber" time="0.978"/>
  <testcase classname="zasyasolutions.SpaCover.TestCases.ConfirmOrderApiWithInventory" name="scanOut" time="0.913"/>
  <testcase classname="zasyasolutions.SpaCover.TestCases.ConfirmOrderApiWithInventory" name="scanOut" time="0.896"/>
  <testcase classname="zasyasolutions.SpaCover.TestCases.ConfirmOrderApiWithInventory" name="scanOut" time="0.941"/>
</testsuite> <!-- zasyasolutions.SpaCover.TestCases.ConfirmOrderApiWithInventory -->
