<?xml version="1.0" encoding="UTF-8"?>
<!-- Generated by org.testng.reporters.JUnitReportReporter -->
<testsuite hostname="yeshs-Mac-mini.local" failures="0" tests="7" name="zasyasolutions.SpaCover.TestCases.ConfirmOrderWithInventoryCustomInbound" time="6.809" errors="0" timestamp="2025-11-11T12:31:50 IST" skipped="0">
  <testcase classname="zasyasolutions.SpaCover.TestCases.ConfirmOrderWithInventoryCustomInbound" name="getAllInventoryBySKU" time="0.949"/>
  <testcase classname="zasyasolutions.SpaCover.TestCases.ConfirmOrderWithInventoryCustomInbound" name="confirmOrder" time="1.063"/>
  <testcase classname="zasyasolutions.SpaCover.TestCases.ConfirmOrderWithInventoryCustomInbound" name="scanIn" time="0.934"/>
  <testcase classname="zasyasolutions.SpaCover.TestCases.ConfirmOrderWithInventoryCustomInbound" name="orderUpdateChangingTheSku" time="1.044"/>
  <testcase classname="zasyasolutions.SpaCover.TestCases.ConfirmOrderWithInventoryCustomInbound" name="addProNumber" time="0.970"/>
  <testcase classname="zasyasolutions.SpaCover.TestCases.ConfirmOrderWithInventoryCustomInbound" name="scanOut" time="0.950"/>
  <testcase classname="zasyasolutions.SpaCover.TestCases.ConfirmOrderWithInventoryCustomInbound" name="scanOut" time="0.899"/>
</testsuite> <!-- zasyasolutions.SpaCover.TestCases.ConfirmOrderWithInventoryCustomInbound -->
